\BOOKMARK [1][-]{section.1}{Introduction}{}% 1
\BOOKMARK [1][-]{section.2}{Data and empirical facts}{}% 2
\BOOKMARK [1][-]{section.3}{The Model}{}% 3
\BOOKMARK [2][-]{subsection.3.1}{The Setup}{section.3}% 4
\BOOKMARK [2][-]{subsection.3.2}{The time allocation and home production problem}{section.3}% 5
\BOOKMARK [2][-]{subsection.3.3}{Wages and the price of home equipment}{section.3}% 6
\BOOKMARK [2][-]{subsection.3.4}{Solution to the time allocation and home production problem}{section.3}% 7
\BOOKMARK [3][-]{subsubsection.3.4.1}{Singles}{subsection.3.4}% 8
\BOOKMARK [3][-]{subsubsection.3.4.2}{Married households}{subsection.3.4}% 9
\BOOKMARK [2][-]{subsection.3.5}{Marriage markets}{section.3}% 10
\BOOKMARK [3][-]{subsubsection.3.5.1}{Marriage markets for same-skill agents}{subsection.3.5}% 11
\BOOKMARK [3][-]{subsubsection.3.5.2}{The marriage decision of entrants}{subsection.3.5}% 12
\BOOKMARK [3][-]{subsubsection.3.5.3}{The Pareto weights}{subsection.3.5}% 13
\BOOKMARK [2][-]{subsection.3.6}{Flows}{section.3}% 14
\BOOKMARK [2][-]{subsection.3.7}{Equilibrium}{section.3}% 15
\BOOKMARK [1][-]{section.4}{Calibration}{}% 16
\BOOKMARK [2][-]{subsection.4.1}{Bringing the model to the data}{section.4}% 17
\BOOKMARK [2][-]{subsection.4.2}{Parameters externally calibrated}{section.4}% 18
\BOOKMARK [2][-]{subsection.4.3}{Parameters calibrated without solving the model}{section.4}% 19
\BOOKMARK [2][-]{subsection.4.4}{Parameters calibrated by moment matching}{section.4}% 20
\BOOKMARK [2][-]{subsection.4.5}{Results}{section.4}% 21
\BOOKMARK [2][-]{subsection.4.6}{Fit of the model}{section.4}% 22
\BOOKMARK [1][-]{section.5}{Quantitative experiments}{}% 23
\BOOKMARK [2][-]{subsection.5.1}{Decompositions}{section.5}% 24
\BOOKMARK [3][-]{subsubsection.5.1.1}{The bargaining and marital sorting channels}{subsection.5.1}% 25
\BOOKMARK [2][-]{subsection.5.2}{The future increase in the sex ratio}{section.5}% 26
\BOOKMARK [2][-]{subsection.5.3}{The role of the gender wage gap}{section.5}% 27
\BOOKMARK [1][-]{section.6}{Conclusions}{}% 28
\BOOKMARK [1][-]{appendix.A}{Data and empirical facts}{}% 29
\BOOKMARK [1][-]{appendix.B}{Solution of the time allocation and home production problem}{}% 30
