This is pdfTeX, Version 3.14159265-2.6-1.40.20 (TeX Live 2019/W32TeX) (preloaded format=pdflatex 2019.7.2)  18 JUN 2020 00:53
entering extended mode
 restricted \write18 enabled.
 %&-line parsing enabled.
**"The Sex Ratio, Marriage and Bargaining A Look at China.tex"
(./The Sex Ratio, Marriage and Bargaining A Look at China.tex
LaTeX2e <2018-12-01>
(c:/texlive/2019/texmf-dist/tex/latex/base/article.cls
Document Class: article 2018/09/03 v1.4i Standard LaTeX document class
(c:/texlive/2019/texmf-dist/tex/latex/base/size12.clo
File: size12.clo 2018/09/03 v1.4i Standard LaTeX file (size option)
)
\c@part=\count80
\c@section=\count81
\c@subsection=\count82
\c@subsubsection=\count83
\c@paragraph=\count84
\c@subparagraph=\count85
\c@figure=\count86
\c@table=\count87
\abovecaptionskip=\skip41
\belowcaptionskip=\skip42
\bibindent=\dimen102
)
(c:/texlive/2019/texmf-dist/tex/latex/amsfonts/amssymb.sty
Package: amssymb 2013/01/14 v3.01 AMS font symbols

(c:/texlive/2019/texmf-dist/tex/latex/amsfonts/amsfonts.sty
Package: amsfonts 2013/01/14 v3.01 Basic AMSFonts support
\@emptytoks=\toks14
\symAMSa=\mathgroup4
\symAMSb=\mathgroup5
LaTeX Font Info:    Overwriting math alphabet `\mathfrak' in version `bold'
(Font)                  U/euf/m/n --> U/euf/b/n on input line 106.
))
(c:/texlive/2019/texmf-dist/tex/latex/amsmath/amsmath.sty
Package: amsmath 2018/12/01 v2.17b AMS math features
\@mathmargin=\skip43

For additional information on amsmath, use the `?' option.
(c:/texlive/2019/texmf-dist/tex/latex/amsmath/amstext.sty
Package: amstext 2000/06/29 v2.01 AMS text

(c:/texlive/2019/texmf-dist/tex/latex/amsmath/amsgen.sty
File: amsgen.sty 1999/11/30 v2.0 generic functions
\@emptytoks=\toks15
\ex@=\dimen103
))
(c:/texlive/2019/texmf-dist/tex/latex/amsmath/amsbsy.sty
Package: amsbsy 1999/11/29 v1.2d Bold Symbols
\pmbraise@=\dimen104
)
(c:/texlive/2019/texmf-dist/tex/latex/amsmath/amsopn.sty
Package: amsopn 2016/03/08 v2.02 operator names
)
\inf@bad=\count88
LaTeX Info: Redefining \frac on input line 223.
\uproot@=\count89
\leftroot@=\count90
LaTeX Info: Redefining \overline on input line 385.
\classnum@=\count91
\DOTSCASE@=\count92
LaTeX Info: Redefining \ldots on input line 482.
LaTeX Info: Redefining \dots on input line 485.
LaTeX Info: Redefining \cdots on input line 606.
\Mathstrutbox@=\box27
\strutbox@=\box28
\big@size=\dimen105
LaTeX Font Info:    Redeclaring font encoding OML on input line 729.
LaTeX Font Info:    Redeclaring font encoding OMS on input line 730.
\macc@depth=\count93
\c@MaxMatrixCols=\count94
\dotsspace@=\muskip10
\c@parentequation=\count95
\dspbrk@lvl=\count96
\tag@help=\toks16
\row@=\count97
\column@=\count98
\maxfields@=\count99
\andhelp@=\toks17
\eqnshift@=\dimen106
\alignsep@=\dimen107
\tagshift@=\dimen108
\tagwidth@=\dimen109
\totwidth@=\dimen110
\lineht@=\dimen111
\@envbody=\toks18
\multlinegap=\skip44
\multlinetaggap=\skip45
\mathdisplay@stack=\toks19
LaTeX Info: Redefining \[ on input line 2844.
LaTeX Info: Redefining \] on input line 2845.
)
(c:/texlive/2019/texmf-dist/tex/latex/eurosym/eurosym.sty
Package: eurosym 1998/08/06 v1.1 European currency symbol ``Euro''
\@eurobox=\box29
)
(c:/texlive/2019/texmf-dist/tex/latex/geometry/geometry.sty
Package: geometry 2018/04/16 v5.8 Page Geometry

(c:/texlive/2019/texmf-dist/tex/latex/graphics/keyval.sty
Package: keyval 2014/10/28 v1.15 key=value parser (DPC)
\KV@toks@=\toks20
)
(c:/texlive/2019/texmf-dist/tex/generic/oberdiek/ifpdf.sty
Package: ifpdf 2018/09/07 v3.3 Provides the ifpdf switch
)
(c:/texlive/2019/texmf-dist/tex/generic/oberdiek/ifvtex.sty
Package: ifvtex 2016/05/16 v1.6 Detect VTeX and its facilities (HO)
Package ifvtex Info: VTeX not detected.
)
(c:/texlive/2019/texmf-dist/tex/generic/ifxetex/ifxetex.sty
Package: ifxetex 2010/09/12 v0.6 Provides ifxetex conditional
)
\Gm@cnth=\count100
\Gm@cntv=\count101
\c@Gm@tempcnt=\count102
\Gm@bindingoffset=\dimen112
\Gm@wd@mp=\dimen113
\Gm@odd@mp=\dimen114
\Gm@even@mp=\dimen115
\Gm@layoutwidth=\dimen116
\Gm@layoutheight=\dimen117
\Gm@layouthoffset=\dimen118
\Gm@layoutvoffset=\dimen119
\Gm@dimlist=\toks21
)
(c:/texlive/2019/texmf-dist/tex/generic/ulem/ulem.sty
\UL@box=\box30
\UL@hyphenbox=\box31
\UL@skip=\skip46
\UL@hook=\toks22
\UL@height=\dimen120
\UL@pe=\count103
\UL@pixel=\dimen121
\ULC@box=\box32
Package: ulem 2012/05/18
\ULdepth=\dimen122
)
(c:/texlive/2019/texmf-dist/tex/latex/graphics/graphicx.sty
Package: graphicx 2017/06/01 v1.1a Enhanced LaTeX Graphics (DPC,SPQR)

(c:/texlive/2019/texmf-dist/tex/latex/graphics/graphics.sty
Package: graphics 2017/06/25 v1.2c Standard LaTeX Graphics (DPC,SPQR)

(c:/texlive/2019/texmf-dist/tex/latex/graphics/trig.sty
Package: trig 2016/01/03 v1.10 sin cos tan (DPC)
)
(c:/texlive/2019/texmf-dist/tex/latex/graphics-cfg/graphics.cfg
File: graphics.cfg 2016/06/04 v1.11 sample graphics configuration
)
Package graphics Info: Driver file: pdftex.def on input line 99.

(c:/texlive/2019/texmf-dist/tex/latex/graphics-def/pdftex.def
File: pdftex.def 2018/01/08 v1.0l Graphics/color driver for pdftex
))
\Gin@req@height=\dimen123
\Gin@req@width=\dimen124
)
(c:/texlive/2019/texmf-dist/tex/latex/caption/caption.sty
Package: caption 2018/10/06 v3.3-154 Customizing captions (AR)

(c:/texlive/2019/texmf-dist/tex/latex/caption/caption3.sty
Package: caption3 2018/09/12 v1.8c caption3 kernel (AR)
Package caption3 Info: TeX engine: e-TeX on input line 64.
\captionmargin=\dimen125
\captionmargin@=\dimen126
\captionwidth=\dimen127
\caption@tempdima=\dimen128
\caption@indent=\dimen129
\caption@parindent=\dimen130
\caption@hangindent=\dimen131
)
\c@caption@flags=\count104
\c@ContinuedFloat=\count105
)
(c:/texlive/2019/texmf-dist/tex/latex/graphics/color.sty
Package: color 2016/07/10 v1.1e Standard LaTeX Color (DPC)

(c:/texlive/2019/texmf-dist/tex/latex/graphics-cfg/color.cfg
File: color.cfg 2016/01/02 v1.6 sample color configuration
)
Package color Info: Driver file: pdftex.def on input line 147.
)
(c:/texlive/2019/texmf-dist/tex/latex/setspace/setspace.sty
Package: setspace 2011/12/19 v6.7a set line spacing
)
(c:/texlive/2019/texmf-dist/tex/latex/sectsty/sectsty.sty
Package: sectsty 2002/02/25 v2.0.2 Commands to change all sectional heading sty
les
)
(c:/texlive/2019/texmf-dist/tex/latex/comment/comment.sty
\CommentStream=\write3

Excluding comment 'comment')
(c:/texlive/2019/texmf-dist/tex/latex/footmisc/footmisc.sty
Package: footmisc 2011/06/06 v5.5b a miscellany of footnote facilities
\FN@temptoken=\toks23
\footnotemargin=\dimen132
\c@pp@next@reset=\count106
Package footmisc Info: Declaring symbol style bringhurst on input line 855.
Package footmisc Info: Declaring symbol style chicago on input line 863.
Package footmisc Info: Declaring symbol style wiley on input line 872.
Package footmisc Info: Declaring symbol style lamport-robust on input line 883.

Package footmisc Info: Declaring symbol style lamport* on input line 903.
Package footmisc Info: Declaring symbol style lamport*-robust on input line 924
.
)
(c:/texlive/2019/texmf-dist/tex/latex/oberdiek/pdflscape.sty
Package: pdflscape 2016/05/14 v0.11 Display of landscape pages in PDF (HO)

(c:/texlive/2019/texmf-dist/tex/latex/graphics/lscape.sty
Package: lscape 2000/10/22 v3.01 Landscape Pages (DPC)
)
Package pdflscape Info: Auto-detected driver: pdftex on input line 81.
)
(c:/texlive/2019/texmf-dist/tex/latex/subfig/subfig.sty
Package: subfig 2005/06/28 ver: 1.3 subfig package
\c@KVtest=\count107
\sf@farskip=\skip47
\sf@captopadj=\dimen133
\sf@capskip=\skip48
\sf@nearskip=\skip49
\c@subfigure=\count108
\c@subfigure@save=\count109
\c@lofdepth=\count110
\c@subtable=\count111
\c@subtable@save=\count112
\c@lotdepth=\count113
\sf@top=\skip50
\sf@bottom=\skip51
)
(c:/texlive/2019/texmf-dist/tex/latex/tools/array.sty
Package: array 2018/12/30 v2.4k Tabular extension package (FMi)
\col@sep=\dimen134
\ar@mcellbox=\box33
\extrarowheight=\dimen135
\NC@list=\toks24
\extratabsurround=\skip52
\backup@length=\skip53
\ar@cellbox=\box34
)
(c:/texlive/2019/texmf-dist/tex/latex/hyperref/hyperref.sty
Package: hyperref 2018/11/30 v6.88e Hypertext links for LaTeX

(c:/texlive/2019/texmf-dist/tex/generic/oberdiek/hobsub-hyperref.sty
Package: hobsub-hyperref 2016/05/16 v1.14 Bundle oberdiek, subset hyperref (HO)


(c:/texlive/2019/texmf-dist/tex/generic/oberdiek/hobsub-generic.sty
Package: hobsub-generic 2016/05/16 v1.14 Bundle oberdiek, subset generic (HO)
Package: hobsub 2016/05/16 v1.14 Construct package bundles (HO)
Package: infwarerr 2016/05/16 v1.4 Providing info/warning/error messages (HO)
Package: ltxcmds 2016/05/16 v1.23 LaTeX kernel commands for general use (HO)
Package: ifluatex 2016/05/16 v1.4 Provides the ifluatex switch (HO)
Package ifluatex Info: LuaTeX not detected.
Package hobsub Info: Skipping package `ifvtex' (already loaded).
Package: intcalc 2016/05/16 v1.2 Expandable calculations with integers (HO)
Package hobsub Info: Skipping package `ifpdf' (already loaded).
Package: etexcmds 2016/05/16 v1.6 Avoid name clashes with e-TeX commands (HO)
Package: kvsetkeys 2016/05/16 v1.17 Key value parser (HO)
Package: kvdefinekeys 2016/05/16 v1.4 Define keys (HO)
Package: pdftexcmds 2018/09/10 v0.29 Utility functions of pdfTeX for LuaTeX (HO
)
Package pdftexcmds Info: LuaTeX not detected.
Package pdftexcmds Info: \pdf@primitive is available.
Package pdftexcmds Info: \pdf@ifprimitive is available.
Package pdftexcmds Info: \pdfdraftmode found.
Package: pdfescape 2016/05/16 v1.14 Implements pdfTeX's escape features (HO)
Package: bigintcalc 2016/05/16 v1.4 Expandable calculations on big integers (HO
)
Package: bitset 2016/05/16 v1.2 Handle bit-vector datatype (HO)
Package: uniquecounter 2016/05/16 v1.3 Provide unlimited unique counter (HO)
)
Package hobsub Info: Skipping package `hobsub' (already loaded).
Package: letltxmacro 2016/05/16 v1.5 Let assignment for LaTeX macros (HO)
Package: hopatch 2016/05/16 v1.3 Wrapper for package hooks (HO)
Package: xcolor-patch 2016/05/16 xcolor patch
Package: atveryend 2016/05/16 v1.9 Hooks at the very end of document (HO)
Package atveryend Info: \enddocument detected (standard20110627).
Package: atbegshi 2016/06/09 v1.18 At begin shipout hook (HO)
Package: refcount 2016/05/16 v3.5 Data extraction from label references (HO)
Package: hycolor 2016/05/16 v1.8 Color options for hyperref/bookmark (HO)
)
(c:/texlive/2019/texmf-dist/tex/latex/oberdiek/auxhook.sty
Package: auxhook 2016/05/16 v1.4 Hooks for auxiliary files (HO)
)
(c:/texlive/2019/texmf-dist/tex/latex/oberdiek/kvoptions.sty
Package: kvoptions 2016/05/16 v3.12 Key value format for package options (HO)
)
\@linkdim=\dimen136
\Hy@linkcounter=\count114
\Hy@pagecounter=\count115

(c:/texlive/2019/texmf-dist/tex/latex/hyperref/pd1enc.def
File: pd1enc.def 2018/11/30 v6.88e Hyperref: PDFDocEncoding definition (HO)
Now handling font encoding PD1 ...
... no UTF-8 mapping file for font encoding PD1
)
\Hy@SavedSpaceFactor=\count116

(c:/texlive/2019/texmf-dist/tex/latex/latexconfig/hyperref.cfg
File: hyperref.cfg 2002/06/06 v1.2 hyperref configuration of TeXLive
)
Package hyperref Info: Hyper figures OFF on input line 4519.
Package hyperref Info: Link nesting OFF on input line 4524.
Package hyperref Info: Hyper index ON on input line 4527.
Package hyperref Info: Plain pages OFF on input line 4534.
Package hyperref Info: Backreferencing OFF on input line 4539.
Package hyperref Info: Implicit mode ON; LaTeX internals redefined.
Package hyperref Info: Bookmarks ON on input line 4772.
\c@Hy@tempcnt=\count117

(c:/texlive/2019/texmf-dist/tex/latex/url/url.sty
\Urlmuskip=\muskip11
Package: url 2013/09/16  ver 3.4  Verb mode for urls, etc.
)
LaTeX Info: Redefining \url on input line 5125.
\XeTeXLinkMargin=\dimen137
\Fld@menulength=\count118
\Field@Width=\dimen138
\Fld@charsize=\dimen139
Package hyperref Info: Hyper figures OFF on input line 6380.
Package hyperref Info: Link nesting OFF on input line 6385.
Package hyperref Info: Hyper index ON on input line 6388.
Package hyperref Info: backreferencing OFF on input line 6395.
Package hyperref Info: Link coloring OFF on input line 6400.
Package hyperref Info: Link coloring with OCG OFF on input line 6405.
Package hyperref Info: PDF/A mode OFF on input line 6410.
LaTeX Info: Redefining \ref on input line 6450.
LaTeX Info: Redefining \pageref on input line 6454.
\Hy@abspage=\count119
\c@Item=\count120
\c@Hfootnote=\count121
)
Package hyperref Info: Driver (autodetected): hpdftex.

(c:/texlive/2019/texmf-dist/tex/latex/hyperref/hpdftex.def
File: hpdftex.def 2018/11/30 v6.88e Hyperref driver for pdfTeX
\Fld@listcount=\count122
\c@bookmark@seq@number=\count123

(c:/texlive/2019/texmf-dist/tex/latex/oberdiek/rerunfilecheck.sty
Package: rerunfilecheck 2016/05/16 v1.8 Rerun checks for auxiliary files (HO)
Package uniquecounter Info: New unique counter `rerunfilecheck' on input line 2
82.
)
\Hy@SectionHShift=\skip54
)
(c:/texlive/2019/texmf-dist/tex/latex/booktabs/booktabs.sty
Package: booktabs 2016/04/27 v1.618033 publication quality tables
\heavyrulewidth=\dimen140
\lightrulewidth=\dimen141
\cmidrulewidth=\dimen142
\belowrulesep=\dimen143
\belowbottomsep=\dimen144
\aboverulesep=\dimen145
\abovetopsep=\dimen146
\cmidrulesep=\dimen147
\cmidrulekern=\dimen148
\defaultaddspace=\dimen149
\@cmidla=\count124
\@cmidlb=\count125
\@aboverulesep=\dimen150
\@belowrulesep=\dimen151
\@thisruleclass=\count126
\@lastruleclass=\count127
\@thisrulewidth=\dimen152
)
(c:/texlive/2019/texmf-dist/tex/latex/multirow/multirow.sty
Package: multirow 2019/05/31 v2.5 Span multiple rows of a table
\multirow@colwidth=\skip55
\multirow@cntb=\count128
\multirow@dima=\skip56
\bigstrutjot=\dimen153
)
(c:/texlive/2019/texmf-dist/tex/latex/graphics/rotating.sty
Package: rotating 2016/08/11 v2.16d rotated objects in LaTeX

(c:/texlive/2019/texmf-dist/tex/latex/base/ifthen.sty
Package: ifthen 2014/09/29 v1.1c Standard LaTeX ifthen package (DPC)
)
\c@r@tfl@t=\count129
\rotFPtop=\skip57
\rotFPbot=\skip58
\rot@float@box=\box35
\rot@mess@toks=\toks25
)
(c:/texlive/2019/texmf-dist/tex/latex/natbib/natbib.sty
Package: natbib 2010/09/13 8.31b (PWD, AO)
\bibhang=\skip59
\bibsep=\skip60
LaTeX Info: Redefining \cite on input line 694.
\c@NAT@ctr=\count130
)
Package hyperref Info: Option `colorlinks' set `true' on input line 13.
\c@theorem=\count131
\c@proposition=\count132
\c@definition=\count133
\c@hyp=\count134
\c@subhyp=\count135

(./The Sex Ratio, Marriage and Bargaining A Look at China.aux)
\openout1 = `"The Sex Ratio, Marriage and Bargaining A Look at China.aux"'.

LaTeX Font Info:    Checking defaults for OML/cmm/m/it on input line 40.
LaTeX Font Info:    ... okay on input line 40.
LaTeX Font Info:    Checking defaults for T1/cmr/m/n on input line 40.
LaTeX Font Info:    ... okay on input line 40.
LaTeX Font Info:    Checking defaults for OT1/cmr/m/n on input line 40.
LaTeX Font Info:    ... okay on input line 40.
LaTeX Font Info:    Checking defaults for OMS/cmsy/m/n on input line 40.
LaTeX Font Info:    ... okay on input line 40.
LaTeX Font Info:    Checking defaults for OMX/cmex/m/n on input line 40.
LaTeX Font Info:    ... okay on input line 40.
LaTeX Font Info:    Checking defaults for U/cmr/m/n on input line 40.
LaTeX Font Info:    ... okay on input line 40.
LaTeX Font Info:    Checking defaults for PD1/pdf/m/n on input line 40.
LaTeX Font Info:    ... okay on input line 40.

*geometry* driver: auto-detecting
*geometry* detected driver: pdftex
*geometry* verbose mode - [ preamble ] result:
* driver: pdftex
* paper: <default>
* layout: <same size as paper>
* layoutoffset:(h,v)=(0.0pt,0.0pt)
* modes: 
* h-part:(L,W,R)=(72.26999pt, 469.75502pt, 72.26999pt)
* v-part:(T,H,B)=(72.26999pt, 650.43001pt, 72.26999pt)
* \paperwidth=614.295pt
* \paperheight=794.96999pt
* \textwidth=469.75502pt
* \textheight=650.43001pt
* \oddsidemargin=0.0pt
* \evensidemargin=0.0pt
* \topmargin=-37.0pt
* \headheight=12.0pt
* \headsep=25.0pt
* \topskip=12.0pt
* \footskip=30.0pt
* \marginparwidth=44.0pt
* \marginparsep=10.0pt
* \columnsep=10.0pt
* \skip\footins=10.8pt plus 4.0pt minus 2.0pt
* \hoffset=0.0pt
* \voffset=0.0pt
* \mag=1000
* \@twocolumnfalse
* \@twosidefalse
* \@mparswitchfalse
* \@reversemarginfalse
* (1in=72.27pt=25.4mm, 1cm=28.453pt)

(c:/texlive/2019/texmf-dist/tex/context/base/mkii/supp-pdf.mkii
[Loading MPS to PDF converter (version 2006.09.02).]
\scratchcounter=\count136
\scratchdimen=\dimen154
\scratchbox=\box36
\nofMPsegments=\count137
\nofMParguments=\count138
\everyMPshowfont=\toks26
\MPscratchCnt=\count139
\MPscratchDim=\dimen155
\MPnumerator=\count140
\makeMPintoPDFobject=\count141
\everyMPtoPDFconversion=\toks27
) (c:/texlive/2019/texmf-dist/tex/latex/oberdiek/epstopdf-base.sty
Package: epstopdf-base 2016/05/15 v2.6 Base part for package epstopdf

(c:/texlive/2019/texmf-dist/tex/latex/oberdiek/grfext.sty
Package: grfext 2016/05/16 v1.2 Manage graphics extensions (HO)
)
Package epstopdf-base Info: Redefining graphics rule for `.eps' on input line 4
38.
Package grfext Info: Graphics extension search list:
(grfext)             [.pdf,.png,.jpg,.mps,.jpeg,.jbig2,.jb2,.PDF,.PNG,.JPG,.JPE
G,.JBIG2,.JB2,.eps]
(grfext)             \AppendGraphicsExtensions on input line 456.

(c:/texlive/2019/texmf-dist/tex/latex/latexconfig/epstopdf-sys.cfg
File: epstopdf-sys.cfg 2010/07/13 v1.3 Configuration of (r)epstopdf for TeX Liv
e
))
Package caption Info: Begin \AtBeginDocument code.
Package caption Info: subfig package v1.3 is loaded.
Package caption Info: hyperref package is loaded.
Package caption Info: rotating package is loaded.
Package caption Info: End \AtBeginDocument code.
\AtBeginShipoutBox=\box37
Package hyperref Info: Link coloring ON on input line 40.

(c:/texlive/2019/texmf-dist/tex/latex/hyperref/nameref.sty
Package: nameref 2016/05/21 v2.44 Cross-referencing by name of section

(c:/texlive/2019/texmf-dist/tex/generic/oberdiek/gettitlestring.sty
Package: gettitlestring 2016/05/16 v1.5 Cleanup title references (HO)
)
\c@section@level=\count142
)
LaTeX Info: Redefining \ref on input line 40.
LaTeX Info: Redefining \pageref on input line 40.
LaTeX Info: Redefining \nameref on input line 40.

(./The Sex Ratio, Marriage and Bargaining A Look at China.out)
(./The Sex Ratio, Marriage and Bargaining A Look at China.out)
\@outlinefile=\write4
\openout4 = `"The Sex Ratio, Marriage and Bargaining A Look at China.out"'.

LaTeX Font Info:    Try loading font information for U+msa on input line 53.

(c:/texlive/2019/texmf-dist/tex/latex/amsfonts/umsa.fd
File: umsa.fd 2013/01/14 v3.01 AMS symbols A
)
LaTeX Font Info:    Try loading font information for U+msb on input line 53.

(c:/texlive/2019/texmf-dist/tex/latex/amsfonts/umsb.fd
File: umsb.fd 2013/01/14 v3.01 AMS symbols B
)
LaTeX Font Info:    Try loading font information for OMS+cmr on input line 53.

(c:/texlive/2019/texmf-dist/tex/latex/base/omscmr.fd
File: omscmr.fd 2014/09/29 v2.5h Standard LaTeX font definitions
)
LaTeX Font Info:    Font shape `OMS/cmr/m/n' in size <10> not available
(Font)              Font shape `OMS/cmsy/m/n' tried instead on input line 53.
LaTeX Font Info:    Font shape `OMS/cmr/m/n' in size <7> not available
(Font)              Font shape `OMS/cmsy/m/n' tried instead on input line 53.

Underfull \hbox (badness 10000) in paragraph at lines 54--60

 []

[0

{c:/texlive/2019/texmf-var/fonts/map/pdftex/updmap/pdftex.map}]

LaTeX Warning: No positions in optional float specifier.
               Default added (so using `tbp') on input line 100.

Package epstopdf Info: Source file: <sex_ratio_20_35.eps>
(epstopdf)                    date: 2019-10-24 19:26:55
(epstopdf)                    size: 13145 bytes
(epstopdf)             Output file: <sex_ratio_20_35-eps-converted-to.pdf>
(epstopdf)                    date: 2019-10-24 19:28:05
(epstopdf)                    size: 8161 bytes
(epstopdf)             Command: <repstopdf --outfile=sex_ratio_20_35-eps-conver
ted-to.pdf sex_ratio_20_35.eps>
(epstopdf)             \includegraphics on input line 103.
Package epstopdf Info: Output file is already uptodate.
<sex_ratio_20_35-eps-converted-to.pdf, id=141, 258.9675pt x 188.705pt>
File: sex_ratio_20_35-eps-converted-to.pdf Graphic file (type pdf)
<use sex_ratio_20_35-eps-converted-to.pdf>
Package pdftex.def Info: sex_ratio_20_35-eps-converted-to.pdf  used on input li
ne 103.
(pdftex.def)             Requested size: 281.85587pt x 205.40506pt.
[1] [2 <./sex_ratio_20_35-eps-converted-to.pdf>] [3] [4] [5]
Package epstopdf Info: Source file: <paid_work_time.eps>
(epstopdf)                    date: 2019-10-23 12:37:37
(epstopdf)                    size: 24469 bytes
(epstopdf)             Output file: <paid_work_time-eps-converted-to.pdf>
(epstopdf)                    date: 2019-10-23 12:37:54
(epstopdf)                    size: 12924 bytes
(epstopdf)             Command: <repstopdf --outfile=paid_work_time-eps-convert
ed-to.pdf paid_work_time.eps>
(epstopdf)             \includegraphics on input line 145.
Package epstopdf Info: Output file is already uptodate.
<paid_work_time-eps-converted-to.pdf, id=234, 258.9675pt x 188.705pt>
File: paid_work_time-eps-converted-to.pdf Graphic file (type pdf)
<use paid_work_time-eps-converted-to.pdf>
Package pdftex.def Info: paid_work_time-eps-converted-to.pdf  used on input lin
e 145.
(pdftex.def)             Requested size: 281.85587pt x 205.40506pt.
Package epstopdf Info: Source file: <housework_time.eps>
(epstopdf)                    date: 2019-10-23 12:37:48
(epstopdf)                    size: 23202 bytes
(epstopdf)             Output file: <housework_time-eps-converted-to.pdf>
(epstopdf)                    date: 2019-10-23 12:37:57
(epstopdf)                    size: 12511 bytes
(epstopdf)             Command: <repstopdf --outfile=housework_time-eps-convert
ed-to.pdf housework_time.eps>
(epstopdf)             \includegraphics on input line 147.
Package epstopdf Info: Output file is already uptodate.
<housework_time-eps-converted-to.pdf, id=235, 258.9675pt x 188.705pt>
File: housework_time-eps-converted-to.pdf Graphic file (type pdf)
<use housework_time-eps-converted-to.pdf>
Package pdftex.def Info: housework_time-eps-converted-to.pdf  used on input lin
e 147.
(pdftex.def)             Requested size: 281.85587pt x 205.40506pt.
Package epstopdf Info: Source file: <leisure_ratio_all.eps>
(epstopdf)                    date: 2019-11-12 17:23:06
(epstopdf)                    size: 16930 bytes
(epstopdf)             Output file: <leisure_ratio_all-eps-converted-to.pdf>
(epstopdf)                    date: 2019-11-12 17:23:14
(epstopdf)                    size: 8965 bytes
(epstopdf)             Command: <repstopdf --outfile=leisure_ratio_all-eps-conv
erted-to.pdf leisure_ratio_all.eps>
(epstopdf)             \includegraphics on input line 154.
Package epstopdf Info: Output file is already uptodate.
<leisure_ratio_all-eps-converted-to.pdf, id=236, 258.9675pt x 188.705pt>
File: leisure_ratio_all-eps-converted-to.pdf Graphic file (type pdf)
<use leisure_ratio_all-eps-converted-to.pdf>
Package pdftex.def Info: leisure_ratio_all-eps-converted-to.pdf  used on input 
line 154.
(pdftex.def)             Requested size: 281.85587pt x 205.40506pt.
Package epstopdf Info: Source file: <skill_dist_male.eps>
(epstopdf)                    date: 2019-10-23 12:33:19
(epstopdf)                    size: 17001 bytes
(epstopdf)             Output file: <skill_dist_male-eps-converted-to.pdf>
(epstopdf)                    date: 2019-10-23 12:33:39
(epstopdf)                    size: 7113 bytes
(epstopdf)             Command: <repstopdf --outfile=skill_dist_male-eps-conver
ted-to.pdf skill_dist_male.eps>
(epstopdf)             \includegraphics on input line 166.
Package epstopdf Info: Output file is already uptodate.
<skill_dist_male-eps-converted-to.pdf, id=238, 258.9675pt x 188.705pt>
File: skill_dist_male-eps-converted-to.pdf Graphic file (type pdf)
<use skill_dist_male-eps-converted-to.pdf>
Package pdftex.def Info: skill_dist_male-eps-converted-to.pdf  used on input li
ne 166.
(pdftex.def)             Requested size: 281.85587pt x 205.40506pt.
Package epstopdf Info: Source file: <skill_dist_female.eps>
(epstopdf)                    date: 2019-10-23 12:33:30
(epstopdf)                    size: 17007 bytes
(epstopdf)             Output file: <skill_dist_female-eps-converted-to.pdf>
(epstopdf)                    date: 2019-10-23 12:33:42
(epstopdf)                    size: 7115 bytes
(epstopdf)             Command: <repstopdf --outfile=skill_dist_female-eps-conv
erted-to.pdf skill_dist_female.eps>
(epstopdf)             \includegraphics on input line 168.
Package epstopdf Info: Output file is already uptodate.
<skill_dist_female-eps-converted-to.pdf, id=239, 258.9675pt x 188.705pt>
File: skill_dist_female-eps-converted-to.pdf Graphic file (type pdf)
<use skill_dist_female-eps-converted-to.pdf>
Package pdftex.def Info: skill_dist_female-eps-converted-to.pdf  used on input 
line 168.
(pdftex.def)             Requested size: 281.85587pt x 205.40506pt.
 [6] [7 <./paid_work_time-eps-converted-to.pdf> <./housework_time-eps-converted
-to.pdf>] [8 <./leisure_ratio_all-eps-converted-to.pdf>] [9 <./skill_dist_male-
eps-converted-to.pdf> <./skill_dist_female-eps-converted-to.pdf>]

LaTeX Warning: No positions in optional float specifier.
               Default added (so using `tbp') on input line 205.

Package epstopdf Info: Source file: <gammas.eps>
(epstopdf)                    date: 2019-10-23 15:59:39
(epstopdf)                    size: 16566 bytes
(epstopdf)             Output file: <gammas-eps-converted-to.pdf>
(epstopdf)                    date: 2019-10-23 16:00:12
(epstopdf)                    size: 7917 bytes
(epstopdf)             Command: <repstopdf --outfile=gammas-eps-converted-to.pd
f gammas.eps>
(epstopdf)             \includegraphics on input line 208.
Package epstopdf Info: Output file is already uptodate.
<gammas-eps-converted-to.pdf, id=311, 397.485pt x 289.08pt>
File: gammas-eps-converted-to.pdf Graphic file (type pdf)
<use gammas-eps-converted-to.pdf>
Package pdftex.def Info: gammas-eps-converted-to.pdf  used on input line 208.
(pdftex.def)             Requested size: 234.8775pt x 170.82478pt.
Package epstopdf Info: Source file: <kendallstau.eps>
(epstopdf)                    date: 2019-10-23 15:59:50
(epstopdf)                    size: 13078 bytes
(epstopdf)             Output file: <kendallstau-eps-converted-to.pdf>
(epstopdf)                    date: 2019-10-23 16:00:15
(epstopdf)                    size: 6700 bytes
(epstopdf)             Command: <repstopdf --outfile=kendallstau-eps-converted-
to.pdf kendallstau.eps>
(epstopdf)             \includegraphics on input line 210.
Package epstopdf Info: Output file is already uptodate.
<kendallstau-eps-converted-to.pdf, id=312, 258.9675pt x 188.705pt>
File: kendallstau-eps-converted-to.pdf Graphic file (type pdf)
<use kendallstau-eps-converted-to.pdf>
Package pdftex.def Info: kendallstau-eps-converted-to.pdf  used on input line 2
10.
(pdftex.def)             Requested size: 234.8775pt x 171.15744pt.
Package epstopdf Info: Source file: <deltas.eps>
(epstopdf)                    date: 2019-10-23 16:00:04
(epstopdf)                    size: 13555 bytes
(epstopdf)             Output file: <deltas-eps-converted-to.pdf>
(epstopdf)                    date: 2019-10-23 16:00:17
(epstopdf)                    size: 7176 bytes
(epstopdf)             Command: <repstopdf --outfile=deltas-eps-converted-to.pd
f deltas.eps>
(epstopdf)             \includegraphics on input line 212.
Package epstopdf Info: Output file is already uptodate.
<deltas-eps-converted-to.pdf, id=313, 258.9675pt x 188.705pt>
File: deltas-eps-converted-to.pdf Graphic file (type pdf)
<use deltas-eps-converted-to.pdf>
Package pdftex.def Info: deltas-eps-converted-to.pdf  used on input line 212.
(pdftex.def)             Requested size: 234.8775pt x 171.15744pt.

LaTeX Warning: Float too large for page by 31.70961pt on input line 215.

[10] [11 <./gammas-eps-converted-to.pdf> <./kendallstau-eps-converted-to.pdf> <
./deltas-eps-converted-to.pdf>] [12] [13] [14] [15] [16] [17] [18] [19]
LaTeX Font Info:    Font shape `OMS/cmr/m/it' in size <12> not available
(Font)              Font shape `OMS/cmsy/m/n' tried instead on input line 560.

[20] [21]

LaTeX Warning: No positions in optional float specifier.
               Default added (so using `tbp') on input line 596.

[22]

LaTeX Warning: Reference `tab:parameters_not_calibrated' on page 23 undefined o
n input line 648.

[23]

LaTeX Warning: No positions in optional float specifier.
               Default added (so using `tbp') on input line 768.

[24] [25]

LaTeX Warning: No positions in optional float specifier.
               Default added (so using `tbp') on input line 818.

[26] [27] [28] [29]

LaTeX Warning: No positions in optional float specifier.
               Default added (so using `tbp') on input line 920.


LaTeX Warning: No positions in optional float specifier.
               Default added (so using `tbp') on input line 953.

Package epstopdf Info: Source file: <for_decomp_ta_f.eps>
(epstopdf)                    date: 2019-10-09 18:10:45
(epstopdf)                    size: 23585 bytes
(epstopdf)             Output file: <for_decomp_ta_f-eps-converted-to.pdf>
(epstopdf)                    date: 2019-10-09 18:12:50
(epstopdf)                    size: 12006 bytes
(epstopdf)             Command: <repstopdf --outfile=for_decomp_ta_f-eps-conver
ted-to.pdf for_decomp_ta_f.eps>
(epstopdf)             \includegraphics on input line 990.
Package epstopdf Info: Output file is already uptodate.
<for_decomp_ta_f-eps-converted-to.pdf, id=533, 355.3275pt x 282.05376pt>
File: for_decomp_ta_f-eps-converted-to.pdf Graphic file (type pdf)
<use for_decomp_ta_f-eps-converted-to.pdf>
Package pdftex.def Info: for_decomp_ta_f-eps-converted-to.pdf  used on input li
ne 990.
(pdftex.def)             Requested size: 234.8775pt x 186.4487pt.
Package epstopdf Info: Source file: <back_decomp_ta_f.eps>
(epstopdf)                    date: 2019-10-09 18:10:41
(epstopdf)                    size: 23829 bytes
(epstopdf)             Output file: <back_decomp_ta_f-eps-converted-to.pdf>
(epstopdf)                    date: 2019-10-09 18:12:53
(epstopdf)                    size: 12004 bytes
(epstopdf)             Command: <repstopdf --outfile=back_decomp_ta_f-eps-conve
rted-to.pdf back_decomp_ta_f.eps>
(epstopdf)             \includegraphics on input line 992.
Package epstopdf Info: Output file is already uptodate.
<back_decomp_ta_f-eps-converted-to.pdf, id=534, 355.3275pt x 282.05376pt>
File: back_decomp_ta_f-eps-converted-to.pdf Graphic file (type pdf)
<use back_decomp_ta_f-eps-converted-to.pdf>
Package pdftex.def Info: back_decomp_ta_f-eps-converted-to.pdf  used on input l
ine 992.
(pdftex.def)             Requested size: 234.8775pt x 186.4487pt.
Package epstopdf Info: Source file: <for_decomp_ta_m.eps>
(epstopdf)                    date: 2019-10-09 18:10:57
(epstopdf)                    size: 23336 bytes
(epstopdf)             Output file: <for_decomp_ta_m-eps-converted-to.pdf>
(epstopdf)                    date: 2019-10-09 18:12:55
(epstopdf)                    size: 11845 bytes
(epstopdf)             Command: <repstopdf --outfile=for_decomp_ta_m-eps-conver
ted-to.pdf for_decomp_ta_m.eps>
(epstopdf)             \includegraphics on input line 999.
Package epstopdf Info: Output file is already uptodate.
<for_decomp_ta_m-eps-converted-to.pdf, id=535, 355.3275pt x 282.05376pt>
File: for_decomp_ta_m-eps-converted-to.pdf Graphic file (type pdf)
<use for_decomp_ta_m-eps-converted-to.pdf>
Package pdftex.def Info: for_decomp_ta_m-eps-converted-to.pdf  used on input li
ne 999.
(pdftex.def)             Requested size: 234.8775pt x 186.4487pt.
Package epstopdf Info: Source file: <back_decomp_ta_m.eps>
(epstopdf)                    date: 2019-10-09 18:10:52
(epstopdf)                    size: 23451 bytes
(epstopdf)             Output file: <back_decomp_ta_m-eps-converted-to.pdf>
(epstopdf)                    date: 2019-10-09 18:12:58
(epstopdf)                    size: 11764 bytes
(epstopdf)             Command: <repstopdf --outfile=back_decomp_ta_m-eps-conve
rted-to.pdf back_decomp_ta_m.eps>
(epstopdf)             \includegraphics on input line 1001.
Package epstopdf Info: Output file is already uptodate.
<back_decomp_ta_m-eps-converted-to.pdf, id=536, 355.3275pt x 282.05376pt>
File: back_decomp_ta_m-eps-converted-to.pdf Graphic file (type pdf)
<use back_decomp_ta_m-eps-converted-to.pdf>
Package pdftex.def Info: back_decomp_ta_m-eps-converted-to.pdf  used on input l
ine 1001.
(pdftex.def)             Requested size: 234.8775pt x 186.4487pt.
Package epstopdf Info: Source file: <for_decomp_ms.eps>
(epstopdf)                    date: 2019-10-09 18:11:09
(epstopdf)                    size: 15376 bytes
(epstopdf)             Output file: <for_decomp_ms-eps-converted-to.pdf>
(epstopdf)                    date: 2019-10-09 18:13:01
(epstopdf)                    size: 7459 bytes
(epstopdf)             Command: <repstopdf --outfile=for_decomp_ms-eps-converte
d-to.pdf for_decomp_ms.eps>
(epstopdf)             \includegraphics on input line 1008.
Package epstopdf Info: Output file is already uptodate.
<for_decomp_ms-eps-converted-to.pdf, id=537, 361.35pt x 279.0425pt>
File: for_decomp_ms-eps-converted-to.pdf Graphic file (type pdf)
<use for_decomp_ms-eps-converted-to.pdf>
Package pdftex.def Info: for_decomp_ms-eps-converted-to.pdf  used on input line
 1008.
(pdftex.def)             Requested size: 234.8775pt x 181.37973pt.
Package epstopdf Info: Source file: <back_decomp_ms.eps>
(epstopdf)                    date: 2019-10-09 18:11:03
(epstopdf)                    size: 15378 bytes
(epstopdf)             Output file: <back_decomp_ms-eps-converted-to.pdf>
(epstopdf)                    date: 2019-10-09 18:13:03
(epstopdf)                    size: 7442 bytes
(epstopdf)             Command: <repstopdf --outfile=back_decomp_ms-eps-convert
ed-to.pdf back_decomp_ms.eps>
(epstopdf)             \includegraphics on input line 1010.
Package epstopdf Info: Output file is already uptodate.
<back_decomp_ms-eps-converted-to.pdf, id=538, 361.35pt x 279.0425pt>
File: back_decomp_ms-eps-converted-to.pdf Graphic file (type pdf)
<use back_decomp_ms-eps-converted-to.pdf>
Package pdftex.def Info: back_decomp_ms-eps-converted-to.pdf  used on input lin
e 1010.
(pdftex.def)             Requested size: 234.8775pt x 181.37973pt.
[30] [31] [32] [33 <./for_decomp_ta_f-eps-converted-to.pdf> <./back_decomp_ta_f
-eps-converted-to.pdf>] [34 <./for_decomp_ta_m-eps-converted-to.pdf> <./back_de
comp_ta_m-eps-converted-to.pdf>] [35 <./for_decomp_ms-eps-converted-to.pdf> <./
back_decomp_ms-eps-converted-to.pdf>] [36] [37]

LaTeX Warning: No positions in optional float specifier.
               Default added (so using `tbp') on input line 1101.


Underfull \hbox (badness 10000) in paragraph at lines 1106--1106
[]|\OT1/cmr/m/n/12 Data
 []


Underfull \hbox (badness 10000) in paragraph at lines 1106--1106
[]|\OT1/cmr/m/n/12 Baseline
 []


Underfull \hbox (badness 1776) in paragraph at lines 1106--1106
[]|\OT1/cmr/m/n/12 Constant gen-der
 []


LaTeX Warning: No positions in optional float specifier.
               Default added (so using `tbp') on input line 1140.

[38] [39] [40] (./The Sex Ratio, Marriage and Bargaining A Look at China.bbl
[41] [42]) [43]
Package epstopdf Info: Source file: <gender_wage_ratio.eps>
(epstopdf)                    date: 2019-11-05 13:05:28
(epstopdf)                    size: 18463 bytes
(epstopdf)             Output file: <gender_wage_ratio-eps-converted-to.pdf>
(epstopdf)                    date: 2019-11-05 13:33:16
(epstopdf)                    size: 10579 bytes
(epstopdf)             Command: <repstopdf --outfile=gender_wage_ratio-eps-conv
erted-to.pdf gender_wage_ratio.eps>
(epstopdf)             \includegraphics on input line 1535.
Package epstopdf Info: Output file is already uptodate.
<gender_wage_ratio-eps-converted-to.pdf, id=697, 258.9675pt x 188.705pt>
File: gender_wage_ratio-eps-converted-to.pdf Graphic file (type pdf)
<use gender_wage_ratio-eps-converted-to.pdf>
Package pdftex.def Info: gender_wage_ratio-eps-converted-to.pdf  used on input 
line 1535.
(pdftex.def)             Requested size: 281.85587pt x 205.40506pt.
Package epstopdf Info: Source file: <skill_premium_men.eps>
(epstopdf)                    date: 2019-11-05 13:31:20
(epstopdf)                    size: 14092 bytes
(epstopdf)             Output file: <skill_premium_men-eps-converted-to.pdf>
(epstopdf)                    date: 2019-11-05 13:39:17
(epstopdf)                    size: 6489 bytes
(epstopdf)             Command: <repstopdf --outfile=skill_premium_men-eps-conv
erted-to.pdf skill_premium_men.eps>
(epstopdf)             \includegraphics on input line 1545.
Package epstopdf Info: Output file is already uptodate.
<skill_premium_men-eps-converted-to.pdf, id=701, 258.9675pt x 188.705pt>
File: skill_premium_men-eps-converted-to.pdf Graphic file (type pdf)
<use skill_premium_men-eps-converted-to.pdf>
Package pdftex.def Info: skill_premium_men-eps-converted-to.pdf  used on input 
line 1545.
(pdftex.def)             Requested size: 281.85587pt x 205.40506pt.
Package epstopdf Info: Source file: <skill_premium_women.eps>
(epstopdf)                    date: 2019-11-05 13:31:29
(epstopdf)                    size: 14087 bytes
(epstopdf)             Output file: <skill_premium_women-eps-converted-to.pdf>
(epstopdf)                    date: 2019-11-05 13:38:57
(epstopdf)                    size: 6487 bytes
(epstopdf)             Command: <repstopdf --outfile=skill_premium_women-eps-co
nverted-to.pdf skill_premium_women.eps>
(epstopdf)             \includegraphics on input line 1547.
Package epstopdf Info: Output file is already uptodate.
<skill_premium_women-eps-converted-to.pdf, id=702, 258.9675pt x 188.705pt>
File: skill_premium_women-eps-converted-to.pdf Graphic file (type pdf)
<use skill_premium_women-eps-converted-to.pdf>
Package pdftex.def Info: skill_premium_women-eps-converted-to.pdf  used on inpu
t line 1547.
(pdftex.def)             Requested size: 281.85587pt x 205.40506pt.
 [44


] [45] [46 <./gender_wage_ratio-eps-converted-to.pdf>]
[47 <./skill_premium_men-eps-converted-to.pdf> <./skill_premium_women-eps-conve
rted-to.pdf>] [48] [49] [50] [51] [52]
Package atveryend Info: Empty hook `BeforeClearDocument' on input line 1760.
 [53]
Package atveryend Info: Empty hook `AfterLastShipout' on input line 1760.

(./The Sex Ratio, Marriage and Bargaining A Look at China.aux)
Package atveryend Info: Executing hook `AtVeryEndDocument' on input line 1760.
Package atveryend Info: Executing hook `AtEndAfterFileList' on input line 1760.

Package rerunfilecheck Info: File `"The Sex Ratio, Marriage and Bargaining A Lo
ok at China".out' has not changed.
(rerunfilecheck)             Checksum: 1710A39611A28435C45A5832D3C0DB6A;2209.


LaTeX Warning: There were undefined references.

Package atveryend Info: Empty hook `AtVeryVeryEnd' on input line 1760.
 ) 
Here is how much of TeX's memory you used:
 9107 strings out of 492609
 136291 string characters out of 6132819
 253291 words of memory out of 5000000
 12685 multiletter control sequences out of 15000+600000
 14278 words of font info for 56 fonts, out of 8000000 for 9000
 1141 hyphenation exceptions out of 8191
 36i,17n,49p,1752b,474s stack positions out of 5000i,500n,10000p,200000b,80000s
<c:/texlive/2019/texmf-dist/fonts/type1/public/amsfonts/cm/cmbx10.pfb><c:/tex
live/2019/texmf-dist/fonts/type1/public/amsfonts/cm/cmbx12.pfb><c:/texlive/2019
/texmf-dist/fonts/type1/public/amsfonts/cm/cmex10.pfb><c:/texlive/2019/texmf-di
st/fonts/type1/public/amsfonts/cmextra/cmex8.pfb><c:/texlive/2019/texmf-dist/fo
nts/type1/public/amsfonts/cm/cmmi10.pfb><c:/texlive/2019/texmf-dist/fonts/type1
/public/amsfonts/cm/cmmi12.pfb><c:/texlive/2019/texmf-dist/fonts/type1/public/a
msfonts/cm/cmmi6.pfb><c:/texlive/2019/texmf-dist/fonts/type1/public/amsfonts/cm
/cmmi7.pfb><c:/texlive/2019/texmf-dist/fonts/type1/public/amsfonts/cm/cmmi8.pfb
><c:/texlive/2019/texmf-dist/fonts/type1/public/amsfonts/cm/cmr10.pfb><c:/texli
ve/2019/texmf-dist/fonts/type1/public/amsfonts/cm/cmr12.pfb><c:/texlive/2019/te
xmf-dist/fonts/type1/public/amsfonts/cm/cmr17.pfb><c:/texlive/2019/texmf-dist/f
onts/type1/public/amsfonts/cm/cmr6.pfb><c:/texlive/2019/texmf-dist/fonts/type1/
public/amsfonts/cm/cmr7.pfb><c:/texlive/2019/texmf-dist/fonts/type1/public/amsf
onts/cm/cmr8.pfb><c:/texlive/2019/texmf-dist/fonts/type1/public/amsfonts/cm/cms
y10.pfb><c:/texlive/2019/texmf-dist/fonts/type1/public/amsfonts/cm/cmsy6.pfb><c
:/texlive/2019/texmf-dist/fonts/type1/public/amsfonts/cm/cmsy7.pfb><c:/texlive/
2019/texmf-dist/fonts/type1/public/amsfonts/cm/cmsy8.pfb><c:/texlive/2019/texmf
-dist/fonts/type1/public/amsfonts/cm/cmti12.pfb><c:/texlive/2019/texmf-dist/fon
ts/type1/public/amsfonts/cm/cmtt12.pfb><c:/texlive/2019/texmf-dist/fonts/type1/
public/amsfonts/symbols/msbm10.pfb>
Output written on "The Sex Ratio, Marriage and Bargaining A Look at China.pdf" 
(54 pages, 506714 bytes).
PDF statistics:
 906 PDF objects out of 1000 (max. 8388607)
 773 compressed objects within 8 object streams
 183 named destinations out of 1000 (max. 500000)
 331 words of extra memory for PDF output out of 10000 (max. 10000000)

